<?xml version="1.0" encoding="utf-8"?><testsuites><testsuite name="pytest" errors="0" failures="0" skipped="0" tests="3" time="0.152" timestamp="2024-09-10T04:53:16.484637+00:00" hostname="fv-az802-212"><testcase classname="test_hw2_debugging" name="test_single_value" time="0.001" /><testcase classname="test_hw2_debugging" name="test_two_values" time="0.001" /><testcase classname="test_hw2_debugging" name="test_long_array" time="0.001" /></testsuite></testsuites>