<?xml version="1.0" encoding="utf-8"?><testsuites><testsuite name="pytest" errors="0" failures="0" skipped="0" tests="3" time="0.087" timestamp="2024-09-03T19:47:24.175287+00:00" hostname="codespaces-27e95d"><testcase classname="test_hw2_debugging" name="test_single_value" time="0.000" /><testcase classname="test_hw2_debugging" name="test_two_values" time="0.000" /><testcase classname="test_hw2_debugging" name="test_long_array" time="0.000" /></testsuite></testsuites>